<?xml version="1.0" encoding="UTF-8"?>
<!-- Generated by org.testng.reporters.JUnitReportReporter -->
<testsuite hostname="LAPTOP-J9O4VQN5" failures="0" tests="2" name="tests.TestExamples" time="3.772" errors="0" timestamp="2023-04-20T17:23:26 IST" skipped="0">
  <testcase classname="tests.TestExamples" name="test_2" time="1.199"/>
  <system-out/>
  <testcase classname="tests.TestExamples" name="test_1" time="2.573"/>
  <system-out/>
</testsuite> <!-- tests.TestExamples -->
