<?xml version="1.0" encoding="UTF-8"?>
<!-- Generated by org.testng.reporters.JUnitReportReporter -->
<testsuite hostname="LAPTOP-J9O4VQN5" failures="0" tests="1" name="tests.GetandPostExamples" time="3.051" errors="0" timestamp="2023-04-21T10:43:05 IST" skipped="0">
  <testcase classname="tests.GetandPostExamples" name="testPost" time="3.051"/>
  <system-out/>
</testsuite> <!-- tests.GetandPostExamples -->
