<?xml version="1.0" encoding="UTF-8"?>
<!-- Generated by org.testng.reporters.JUnitReportReporter -->
<testsuite hostname="LAPTOP-J9O4VQN5" failures="0" tests="1" name="tests.JSONSchemaValidator" time="4.093" errors="0" timestamp="2023-04-21T14:34:51 IST" skipped="0">
  <testcase classname="tests.JSONSchemaValidator" name="testGet" time="4.093"/>
  <system-out/>
</testsuite> <!-- tests.JSONSchemaValidator -->
