<?xml version="1.0" encoding="UTF-8"?>
<!-- Generated by org.testng.reporters.JUnitReportReporter -->
<testsuite hostname="LAPTOP-J9O4VQN5" failures="0" tests="3" name="tests.PutPatchDelete" time="3.922" errors="0" timestamp="2023-04-21T11:39:15 IST" skipped="0">
  <testcase classname="tests.PutPatchDelete" name="testPut" time="0.445"/>
  <system-out/>
  <testcase classname="tests.PutPatchDelete" name="testPatch" time="0.529"/>
  <system-out/>
  <testcase classname="tests.PutPatchDelete" name="testDelete" time="2.948"/>
  <system-out/>
</testsuite> <!-- tests.PutPatchDelete -->
